./jpf-sv-comp --string-dp MAS --propertyfile ../../sv-benchmarks/java/properties/runtime-exception.prp ../../sv-benchmarks/java/common ../../sv-benchmarks/java/securibench/micro ../../sv-benchmarks/java/securibench/Collections14


--------------------------------------------------------------------------------


PROP_FILE=../../sv-benchmarks/java/properties/runtime-exception.prp
CHECK(init(Main.main()), LTL(G ! uncaught(java.lang.RuntimeException)))
ASSERTION_MODE=FALSE
RUNTIME_EXCEPTION_MODE=TRUE
Note: Some input files use unchecked or unsafe operations.
Note: Recompile with -Xlint:unchecked for details.
/tmp/jpf-benchmark.WPI1yA/config.jpf
LD_LIBRARY_PATH=/home/nat/Repos/bench-defs/bin/spf-verify-ZjEVN23ex3/jpf-symbc/lib:/home/nat/Repos/SPF/jpf-symbc/lib:
symbolic.min_int=-2147483648
symbolic.min_long=-9223372036854775808
symbolic.min_short=-32768
symbolic.min_byte=-128
symbolic.min_char=0
symbolic.max_int=2147483647
symbolic.max_long=9223372036854775807
symbolic.max_short=32767
symbolic.max_byte=127
symbolic.max_char=65535
symbolic.min_double=-1.7976931348623157E308
symbolic.max_double=1.7976931348623157E308
JavaPathfinder core system v8.0 (rev 1d363a60ab176410bb63a12e8268f06560f889ef) - (C) 2005-2014 United States Government. All rights reserved.


====================================================== system under test
Main.main()

====================================================== search started: 11/20/25 1:40 PM
$$$$$$$$$$$$$$$$$$$$$$$$$$$$$$$$
Calling MAS

The smtlib query is: 
(declare-const string0 String)

(assert (not (str.contains string0 "<bad/>")))


=======================================
Path Constraint Analysis Info:
	Predicates: 1
		Pred: (.valueof[(string0)] notcontains CONST_<bad/>) involves 1 symbolic variables.
	Symbolic Variables: 1
		SymVar: string0 involved in 1 predicates.
	Operations involved: valueof
*****************************
sat,
string0: ""
*****************************
A-Str Solver Time (ms):25
sat,
string0: ""
************************************
$$$$$$$$$$$$$$$$$$$$$$$$$$$$$$$$
Calling MAS

The smtlib query is: 
(declare-const string0 String)

(assert (str.contains string0 "<bad/>"))


=======================================
Path Constraint Analysis Info:
	Predicates: 1
		Pred: (.valueof[(string0)] contains CONST_<bad/>) involves 1 symbolic variables.
	Symbolic Variables: 1
		SymVar: string0 involved in 1 predicates.
	Operations involved: valueof

################################################
################################################
################	CACHE HIT	################
################################################
################################################

****** Solutions from cache ******
string0: "<bad/>"
**********************************
************************************
$$$$$$$$$$$$$$$$$$$$$$$$$$$$$$$$
Calling MAS

The smtlib query is: 
(declare-const string0 String)

(assert (str.contains string0 "<bad/>"))


=======================================
Path Constraint Analysis Info:
	Predicates: 1
		Pred: (.valueof[(string0)] contains CONST_<bad/>) involves 1 symbolic variables.
	Symbolic Variables: 1
		SymVar: string0 involved in 1 predicates.
	Operations involved: valueof

################################################
################################################
################	CACHE HIT	################
################################################
################################################

****** Solutions from cache ******
string0: "<bad/>"
**********************************
************************************
Property Violated: PC is constraint # = 0
Property Violated: result is  "java.lang.AssertionError..."
****************************

====================================================== error 1
gov.nasa.jpf.vm.NoUncaughtExceptionsProperty
java.lang.AssertionError
	at mockx.servlet.http.HttpServletResponse.checkNoSymbolic(HttpServletResponse.java:38)
	at mockx.servlet.http.HttpServletResponse.access$000(HttpServletResponse.java:12)
	at mockx.servlet.http.HttpServletResponse$1.println(HttpServletResponse.java:27)
	at securibench.micro.collections.Collections14.doGet(Collections14.java:38)
	at Main.main(Main.java:23)


====================================================== snapshot #1
thread java.lang.Thread:{id:0,name:main,status:RUNNING,priority:5,isDaemon:false,lockCount:0,suspendCount:0}
  call stack:
	at mockx.servlet.http.HttpServletResponse.checkNoSymbolic(HttpServletResponse.java:38)
	at mockx.servlet.http.HttpServletResponse.access$000(HttpServletResponse.java:12)
	at mockx.servlet.http.HttpServletResponse$1.println(HttpServletResponse.java:27)
	at securibench.micro.collections.Collections14.doGet(Collections14.java:38)
	at Main.main(Main.java:23)


====================================================== Method Summaries
Inputs: 

()  --> "java.lang.AssertionError..."

====================================================== Method Summaries (HTML)
<h1>Test Cases Generated by Symbolic JavaPath Finder for  (Path Coverage) </h1>
<table border=1>
<tr><td>RETURN</td></tr>
<tr><td>"java.lang.AssertionError..."</td></tr>
</table>

====================================================== results
error #1: gov.nasa.jpf.vm.NoUncaughtExceptionsProperty "java.lang.AssertionError  at mockx.servlet.http.Ht..."

====================================================== statistics
elapsed time:       00:00:00
states:             new=8,visited=0,backtracked=2,end=1
search:             maxDepth=6,constraints=0
choice generators:  thread=5 (signal=0,lock=1,sharedRef=0,threadApi=0,reschedule=4), data=1
heap:               new=15581,released=15036,maxLive=9555,gcCycles=6
instructions:       219916
max memory:         602MB
loaded code:        classes=112,methods=2130

====================================================== search finished: 11/20/25 1:40 PM
inside runtime_exception_mode=true
SAFE
