./jpf-sv-comp --string-dp z3str3 --propertyfile ../../sv-benchmarks/java/properties/runtime-exception.prp ../../sv-benchmarks/java/common ../../sv-benchmarks/java/securibench/micro ../../sv-benchmarks/java/securibench/Inter3


--------------------------------------------------------------------------------


PROP_FILE=../../sv-benchmarks/java/properties/runtime-exception.prp
CHECK(init(Main.main()), LTL(G ! uncaught(java.lang.RuntimeException)))
ASSERTION_MODE=FALSE
RUNTIME_EXCEPTION_MODE=TRUE
Note: Some input files use unchecked or unsafe operations.
Note: Recompile with -Xlint:unchecked for details.
/tmp/jpf-benchmark.8oDujN/config.jpf
LD_LIBRARY_PATH=/home/nat/Repos/bench-defs/bin/spf-verify-abtYf2EDFV/jpf-symbc/lib:/home/nat/Repos/SPF/jpf-symbc/lib:
symbolic.min_int=-2147483648
symbolic.min_long=-9223372036854775808
symbolic.min_short=-32768
symbolic.min_byte=-128
symbolic.min_char=0
symbolic.max_int=2147483647
symbolic.max_long=9223372036854775807
symbolic.max_short=32767
symbolic.max_byte=127
symbolic.max_char=65535
symbolic.min_double=-1.7976931348623157E308
symbolic.max_double=1.7976931348623157E308
JavaPathfinder core system v8.0 (rev 1d363a60ab176410bb63a12e8268f06560f889ef) - (C) 2005-2014 United States Government. All rights reserved.


====================================================== system under test
Main.main()

====================================================== search started: 11/20/25 1:35 PM
$$$$$$$$$$$$$$$$$$$$$$$$$$$$$$$$
Calling Z3str3

Returned solutions: 
(define-fun string0 () String  "")
Z3str3 Solver Time (ms):61
*************************************
Satisfiable: true
string0 => ""
*************************************

$$$$$$$$$$$$$$$$$$$$$$$$$$$$$$$$
Calling Z3str3

Returned solutions: 
(define-fun string0 () String  "")
Z3str3 Solver Time (ms):27
*************************************
Satisfiable: true
string0 => ""
*************************************

$$$$$$$$$$$$$$$$$$$$$$$$$$$$$$$$
Calling Z3str3

Returned solutions: 
(define-fun string0 () String  "")
Z3str3 Solver Time (ms):22
*************************************
Satisfiable: true
string0 => ""
*************************************

$$$$$$$$$$$$$$$$$$$$$$$$$$$$$$$$
Calling Z3str3

Returned solutions: 
(define-fun string0 () String  "")
Z3str3 Solver Time (ms):22
*************************************
Satisfiable: true
string0 => ""
*************************************

$$$$$$$$$$$$$$$$$$$$$$$$$$$$$$$$
Calling Z3str3

Returned solutions: 
(define-fun string0 () String  "")
Z3str3 Solver Time (ms):22
*************************************
Satisfiable: true
string0 => ""
*************************************

$$$$$$$$$$$$$$$$$$$$$$$$$$$$$$$$
Calling Z3str3

Returned solutions: 
(define-fun string0 () String  "")
Z3str3 Solver Time (ms):22
*************************************
Satisfiable: true
string0 => ""
*************************************

$$$$$$$$$$$$$$$$$$$$$$$$$$$$$$$$
Calling Z3str3

Returned solutions: 
(define-fun string0 () String  "")
Z3str3 Solver Time (ms):14
*************************************
Satisfiable: true
string0 => ""
*************************************

$$$$$$$$$$$$$$$$$$$$$$$$$$$$$$$$
Calling Z3str3

Returned solutions: 
(define-fun string0 () String  "")
Z3str3 Solver Time (ms):14
*************************************
Satisfiable: true
string0 => ""
*************************************

$$$$$$$$$$$$$$$$$$$$$$$$$$$$$$$$
Calling Z3str3

Z3str3 Solver Time (ms):17
*************************************
Satisfiable: false
*************************************

$$$$$$$$$$$$$$$$$$$$$$$$$$$$$$$$
Calling Z3str3

Z3str3 Solver Time (ms):13
*************************************
Satisfiable: false
*************************************

$$$$$$$$$$$$$$$$$$$$$$$$$$$$$$$$
Calling Z3str3

Z3str3 Solver Time (ms):13
*************************************
Satisfiable: false
*************************************

$$$$$$$$$$$$$$$$$$$$$$$$$$$$$$$$
Calling Z3str3

Z3str3 Solver Time (ms):17
*************************************
Satisfiable: false
*************************************

$$$$$$$$$$$$$$$$$$$$$$$$$$$$$$$$
Calling Z3str3

Z3str3 Solver Time (ms):14
*************************************
Satisfiable: false
*************************************

$$$$$$$$$$$$$$$$$$$$$$$$$$$$$$$$
Calling Z3str3

Z3str3 Solver Time (ms):14
*************************************
Satisfiable: false
*************************************

$$$$$$$$$$$$$$$$$$$$$$$$$$$$$$$$
Calling Z3str3

Z3str3 Solver Time (ms):22
*************************************
Satisfiable: false
*************************************

$$$$$$$$$$$$$$$$$$$$$$$$$$$$$$$$
Calling Z3str3

Returned solutions: 
(define-fun string0 () String  "<bad/>")
Z3str3 Solver Time (ms):24
*************************************
Satisfiable: true
string0 => "<bad/>"
*************************************

$$$$$$$$$$$$$$$$$$$$$$$$$$$$$$$$
Calling Z3str3

Returned solutions: 
(define-fun string0 () String  "<bad/>")
Z3str3 Solver Time (ms):18
*************************************
Satisfiable: true
string0 => "<bad/>"
*************************************

Property Violated: PC is constraint # = 0
Property Violated: result is  "java.lang.AssertionError..."
****************************

====================================================== error 1
gov.nasa.jpf.vm.NoUncaughtExceptionsProperty
java.lang.AssertionError
	at mockx.servlet.http.HttpServletResponse.checkNoSymbolic(HttpServletResponse.java:38)
	at mockx.servlet.http.HttpServletResponse.access$000(HttpServletResponse.java:12)
	at mockx.servlet.http.HttpServletResponse$1.println(HttpServletResponse.java:22)
	at securibench.micro.inter.Inter3.f9(Inter3.java:74)
	at securibench.micro.inter.Inter3.f8(Inter3.java:69)
	at securibench.micro.inter.Inter3.f7(Inter3.java:65)
	at securibench.micro.inter.Inter3.f6(Inter3.java:58)
	at securibench.micro.inter.Inter3.f5(Inter3.java:54)
	at securibench.micro.inter.Inter3.f4(Inter3.java:50)
	at securibench.micro.inter.Inter3.f3(Inter3.java:46)
	at securibench.micro.inter.Inter3.f2(Inter3.java:41)
	at securibench.micro.inter.Inter3.f1(Inter3.java:37)
	at securibench.micro.inter.Inter3.doGet(Inter3.java:33)
	at Main.main(Main.java:23)


====================================================== snapshot #1
thread java.lang.Thread:{id:0,name:main,status:RUNNING,priority:5,isDaemon:false,lockCount:0,suspendCount:0}
  call stack:
	at mockx.servlet.http.HttpServletResponse.checkNoSymbolic(HttpServletResponse.java:38)
	at mockx.servlet.http.HttpServletResponse.access$000(HttpServletResponse.java:12)
	at mockx.servlet.http.HttpServletResponse$1.println(HttpServletResponse.java:22)
	at securibench.micro.inter.Inter3.f9(Inter3.java:74)
	at securibench.micro.inter.Inter3.f8(Inter3.java:69)
	at securibench.micro.inter.Inter3.f7(Inter3.java:65)
	at securibench.micro.inter.Inter3.f6(Inter3.java:58)
	at securibench.micro.inter.Inter3.f5(Inter3.java:54)
	at securibench.micro.inter.Inter3.f4(Inter3.java:50)
	at securibench.micro.inter.Inter3.f3(Inter3.java:46)
	at securibench.micro.inter.Inter3.f2(Inter3.java:41)
	at securibench.micro.inter.Inter3.f1(Inter3.java:37)
	at securibench.micro.inter.Inter3.doGet(Inter3.java:33)
	at Main.main(Main.java:23)


====================================================== Method Summaries
Inputs: 

()  --> "java.lang.AssertionError..."

====================================================== Method Summaries (HTML)
<h1>Test Cases Generated by Symbolic JavaPath Finder for  (Path Coverage) </h1>
<table border=1>
<tr><td>RETURN</td></tr>
<tr><td>"java.lang.AssertionError..."</td></tr>
</table>

====================================================== results
error #1: gov.nasa.jpf.vm.NoUncaughtExceptionsProperty "java.lang.AssertionError  at mockx.servlet.http.Ht..."

====================================================== statistics
elapsed time:       00:00:00
states:             new=25,visited=0,backtracked=23,end=1
search:             maxDepth=9,constraints=0
choice generators:  thread=1 (signal=0,lock=1,sharedRef=0,threadApi=0,reschedule=0), data=8
heap:               new=592,released=58,maxLive=544,gcCycles=9
instructions:       7177
max memory:         477MB
loaded code:        classes=107,methods=2042

====================================================== search finished: 11/20/25 1:35 PM
inside runtime_exception_mode=true
SAFE
