./jpf-sv-comp --string-dp z3str3 --propertyfile ../../sv-benchmarks/java/properties/runtime-exception.prp ../../sv-benchmarks/java/common ../../sv-benchmarks/java/securibench/micro ../../sv-benchmarks/java/securibench/Arrays10


--------------------------------------------------------------------------------


PROP_FILE=../../sv-benchmarks/java/properties/runtime-exception.prp
CHECK(init(Main.main()), LTL(G ! uncaught(java.lang.RuntimeException)))
ASSERTION_MODE=FALSE
RUNTIME_EXCEPTION_MODE=TRUE
Note: Some input files use unchecked or unsafe operations.
Note: Recompile with -Xlint:unchecked for details.
/tmp/jpf-benchmark.304EAi/config.jpf
LD_LIBRARY_PATH=/home/nat/Repos/bench-defs/bin/spf-verify-abtYf2EDFV/jpf-symbc/lib:/home/nat/Repos/SPF/jpf-symbc/lib:
symbolic.min_int=-2147483648
symbolic.min_long=-9223372036854775808
symbolic.min_short=-32768
symbolic.min_byte=-128
symbolic.min_char=0
symbolic.max_int=2147483647
symbolic.max_long=9223372036854775807
symbolic.max_short=32767
symbolic.max_byte=127
symbolic.max_char=65535
symbolic.min_double=-1.7976931348623157E308
symbolic.max_double=1.7976931348623157E308
JavaPathfinder core system v8.0 (rev 1d363a60ab176410bb63a12e8268f06560f889ef) - (C) 2005-2014 United States Government. All rights reserved.


====================================================== system under test
Main.main()

====================================================== search started: 11/20/25 1:35 PM
$$$$$$$$$$$$$$$$$$$$$$$$$$$$$$$$
Calling Z3str3

Returned solutions: 
(define-fun string0 () String  "")
Z3str3 Solver Time (ms):37
*************************************
Satisfiable: true
string0 => ""
*************************************

$$$$$$$$$$$$$$$$$$$$$$$$$$$$$$$$
Calling Z3str3

Returned solutions: 
(define-fun string0 () String  "")
Z3str3 Solver Time (ms):17
*************************************
Satisfiable: true
string0 => ""
*************************************

Property Violated: PC is constraint # = 0
Property Violated: result is  "java.lang.ArrayIndexOutOfBoundsException: 2..."
****************************

====================================================== error 1
gov.nasa.jpf.vm.NoUncaughtExceptionsProperty
java.lang.ArrayIndexOutOfBoundsException: 2
	at securibench.micro.arrays.Arrays10.doGet(Arrays10.java:33)
	at Main.main(Main.java:23)


====================================================== snapshot #1
thread java.lang.Thread:{id:0,name:main,status:RUNNING,priority:5,isDaemon:false,lockCount:0,suspendCount:0}
  call stack:
	at securibench.micro.arrays.Arrays10.doGet(Arrays10.java:33)
	at Main.main(Main.java:23)


====================================================== Method Summaries
Inputs: 

()  --> "java.lang.ArrayIndexOutOfBoundsException: 2..."

====================================================== Method Summaries (HTML)
<h1>Test Cases Generated by Symbolic JavaPath Finder for  (Path Coverage) </h1>
<table border=1>
<tr><td>RETURN</td></tr>
<tr><td>"java.lang.ArrayIndexOutOfBoundsException: 2..."</td></tr>
</table>

====================================================== results
error #1: gov.nasa.jpf.vm.NoUncaughtExceptionsProperty "java.lang.ArrayIndexOutOfBoundsException: 2  at se..."

====================================================== statistics
elapsed time:       00:00:00
states:             new=3,visited=0,backtracked=1,end=0
search:             maxDepth=2,constraints=0
choice generators:  thread=1 (signal=0,lock=1,sharedRef=0,threadApi=0,reschedule=0), data=1
heap:               new=571,released=11,maxLive=0,gcCycles=1
instructions:       6813
max memory:         477MB
loaded code:        classes=107,methods=2018

====================================================== search finished: 11/20/25 1:35 PM
inside runtime_exception_mode=true
UNSAFE
